\BOOKMARK [0][-]{chapter.1}{\376\377\000H\000i\000e\000r\000a\000r\000c\000h\000i\000c\000a\000l\000\040\000I\000n\000d\000e\000x}{}% 1
\BOOKMARK [1][-]{section.1.1}{\376\377\000C\000l\000a\000s\000s\000\040\000H\000i\000e\000r\000a\000r\000c\000h\000y}{chapter.1}% 2
\BOOKMARK [0][-]{chapter.2}{\376\377\000C\000l\000a\000s\000s\000\040\000I\000n\000d\000e\000x}{}% 3
\BOOKMARK [1][-]{section.2.1}{\376\377\000C\000l\000a\000s\000s\000\040\000L\000i\000s\000t}{chapter.2}% 4
\BOOKMARK [0][-]{chapter.3}{\376\377\000F\000i\000l\000e\000\040\000I\000n\000d\000e\000x}{}% 5
\BOOKMARK [1][-]{section.3.1}{\376\377\000F\000i\000l\000e\000\040\000L\000i\000s\000t}{chapter.3}% 6
\BOOKMARK [0][-]{chapter.4}{\376\377\000C\000l\000a\000s\000s\000\040\000D\000o\000c\000u\000m\000e\000n\000t\000a\000t\000i\000o\000n}{}% 7
\BOOKMARK [1][-]{section.4.1}{\376\377\000A\000d\000d\000C\000r\000e\000d\000i\000t\000\040\000C\000l\000a\000s\000s\000\040\000R\000e\000f\000e\000r\000e\000n\000c\000e}{chapter.4}% 8
\BOOKMARK [2][-]{subsection.4.1.1}{\376\377\000D\000e\000t\000a\000i\000l\000e\000d\000\040\000D\000e\000s\000c\000r\000i\000p\000t\000i\000o\000n}{section.4.1}% 9
\BOOKMARK [2][-]{subsection.4.1.2}{\376\377\000C\000o\000n\000s\000t\000r\000u\000c\000t\000o\000r\000\040\000\046\000\040\000D\000e\000s\000t\000r\000u\000c\000t\000o\000r\000\040\000D\000o\000c\000u\000m\000e\000n\000t\000a\000t\000i\000o\000n}{section.4.1}% 10
\BOOKMARK [3][-]{subsubsection.4.1.2.1}{\376\377\000A\000d\000d\000C\000r\000e\000d\000i\000t}{subsection.4.1.2}% 11
\BOOKMARK [2][-]{subsection.4.1.3}{\376\377\000M\000e\000m\000b\000e\000r\000\040\000F\000u\000n\000c\000t\000i\000o\000n\000\040\000D\000o\000c\000u\000m\000e\000n\000t\000a\000t\000i\000o\000n}{section.4.1}% 12
\BOOKMARK [3][-]{subsubsection.4.1.3.1}{\376\377\000p\000r\000o\000c\000e\000s\000s\000\137\000c\000r\000e\000d\000i\000t}{subsection.4.1.3}% 13
\BOOKMARK [3][-]{subsubsection.4.1.3.2}{\376\377\000p\000r\000o\000c\000e\000s\000s\000\137\000u\000s\000e\000r\000n\000a\000m\000e}{subsection.4.1.3}% 14
\BOOKMARK [3][-]{subsubsection.4.1.3.3}{\376\377\000s\000a\000v\000e\000\137\000t\000r\000a\000n\000s\000a\000c\000t\000i\000o\000n}{subsection.4.1.3}% 15
\BOOKMARK [2][-]{subsection.4.1.4}{\376\377\000M\000e\000m\000b\000e\000r\000\040\000D\000a\000t\000a\000\040\000D\000o\000c\000u\000m\000e\000n\000t\000a\000t\000i\000o\000n}{section.4.1}% 16
\BOOKMARK [3][-]{subsubsection.4.1.4.1}{\376\377\000c\000r\000e\000d\000i\000t}{subsection.4.1.4}% 17
\BOOKMARK [1][-]{section.4.2}{\376\377\000A\000v\000a\000i\000l\000a\000b\000l\000e\000T\000i\000c\000k\000e\000t\000s\000\040\000C\000l\000a\000s\000s\000\040\000R\000e\000f\000e\000r\000e\000n\000c\000e}{chapter.4}% 18
\BOOKMARK [2][-]{subsection.4.2.1}{\376\377\000D\000e\000t\000a\000i\000l\000e\000d\000\040\000D\000e\000s\000c\000r\000i\000p\000t\000i\000o\000n}{section.4.2}% 19
\BOOKMARK [2][-]{subsection.4.2.2}{\376\377\000C\000o\000n\000s\000t\000r\000u\000c\000t\000o\000r\000\040\000\046\000\040\000D\000e\000s\000t\000r\000u\000c\000t\000o\000r\000\040\000D\000o\000c\000u\000m\000e\000n\000t\000a\000t\000i\000o\000n}{section.4.2}% 20
\BOOKMARK [3][-]{subsubsection.4.2.2.1}{\376\377\000A\000v\000a\000i\000l\000a\000b\000l\000e\000T\000i\000c\000k\000e\000t\000s}{subsection.4.2.2}% 21
\BOOKMARK [3][-]{subsubsection.4.2.2.2}{\376\377\000A\000v\000a\000i\000l\000a\000b\000l\000e\000T\000i\000c\000k\000e\000t\000s}{subsection.4.2.2}% 22
\BOOKMARK [2][-]{subsection.4.2.3}{\376\377\000M\000e\000m\000b\000e\000r\000\040\000F\000u\000n\000c\000t\000i\000o\000n\000\040\000D\000o\000c\000u\000m\000e\000n\000t\000a\000t\000i\000o\000n}{section.4.2}% 23
\BOOKMARK [3][-]{subsubsection.4.2.3.1}{\376\377\000d\000i\000s\000p\000l\000a\000y\000\137\000t\000i\000c\000k\000e\000t\000s}{subsection.4.2.3}% 24
\BOOKMARK [3][-]{subsubsection.4.2.3.2}{\376\377\000g\000e\000t\000\137\000t\000i\000c\000k\000e\000t}{subsection.4.2.3}% 25
\BOOKMARK [3][-]{subsubsection.4.2.3.3}{\376\377\000h\000a\000s\000\137\000e\000v\000e\000n\000t}{subsection.4.2.3}% 26
\BOOKMARK [3][-]{subsubsection.4.2.3.4}{\376\377\000h\000a\000s\000\137\000s\000e\000l\000l\000e\000r}{subsection.4.2.3}% 27
\BOOKMARK [3][-]{subsubsection.4.2.3.5}{\376\377\000p\000a\000r\000s\000e}{subsection.4.2.3}% 28
\BOOKMARK [2][-]{subsection.4.2.4}{\376\377\000M\000e\000m\000b\000e\000r\000\040\000D\000a\000t\000a\000\040\000D\000o\000c\000u\000m\000e\000n\000t\000a\000t\000i\000o\000n}{section.4.2}% 29
\BOOKMARK [3][-]{subsubsection.4.2.4.1}{\376\377\000a\000t\000f\000\137\000f\000i\000l\000e}{subsection.4.2.4}% 30
\BOOKMARK [3][-]{subsubsection.4.2.4.2}{\376\377\000t\000i\000c\000k\000e\000t\000s}{subsection.4.2.4}% 31
\BOOKMARK [1][-]{section.4.3}{\376\377\000B\000u\000y\000\040\000C\000l\000a\000s\000s\000\040\000R\000e\000f\000e\000r\000e\000n\000c\000e}{chapter.4}% 32
\BOOKMARK [2][-]{subsection.4.3.1}{\376\377\000D\000e\000t\000a\000i\000l\000e\000d\000\040\000D\000e\000s\000c\000r\000i\000p\000t\000i\000o\000n}{section.4.3}% 33
\BOOKMARK [2][-]{subsection.4.3.2}{\376\377\000C\000o\000n\000s\000t\000r\000u\000c\000t\000o\000r\000\040\000\046\000\040\000D\000e\000s\000t\000r\000u\000c\000t\000o\000r\000\040\000D\000o\000c\000u\000m\000e\000n\000t\000a\000t\000i\000o\000n}{section.4.3}% 34
\BOOKMARK [3][-]{subsubsection.4.3.2.1}{\376\377\000B\000u\000y}{subsection.4.3.2}% 35
\BOOKMARK [2][-]{subsection.4.3.3}{\376\377\000M\000e\000m\000b\000e\000r\000\040\000F\000u\000n\000c\000t\000i\000o\000n\000\040\000D\000o\000c\000u\000m\000e\000n\000t\000a\000t\000i\000o\000n}{section.4.3}% 36
\BOOKMARK [3][-]{subsubsection.4.3.3.1}{\376\377\000d\000i\000s\000p\000l\000a\000y\000\137\000c\000o\000s\000t}{subsection.4.3.3}% 37
\BOOKMARK [3][-]{subsubsection.4.3.3.2}{\376\377\000p\000r\000o\000c\000e\000s\000s\000\137\000c\000o\000n\000f\000i\000r\000m\000a\000t\000i\000o\000n}{subsection.4.3.3}% 38
\BOOKMARK [3][-]{subsubsection.4.3.3.3}{\376\377\000p\000r\000o\000c\000e\000s\000s\000\137\000s\000e\000l\000l\000e\000r}{subsection.4.3.3}% 39
\BOOKMARK [3][-]{subsubsection.4.3.3.4}{\376\377\000p\000r\000o\000c\000e\000s\000s\000\137\000t\000i\000t\000l\000e}{subsection.4.3.3}% 40
\BOOKMARK [3][-]{subsubsection.4.3.3.5}{\376\377\000p\000r\000o\000c\000e\000s\000s\000\137\000v\000o\000l\000u\000m\000e}{subsection.4.3.3}% 41
\BOOKMARK [3][-]{subsubsection.4.3.3.6}{\376\377\000s\000a\000v\000e\000\137\000t\000r\000a\000n\000s\000a\000c\000t\000i\000o\000n}{subsection.4.3.3}% 42
\BOOKMARK [2][-]{subsection.4.3.4}{\376\377\000M\000e\000m\000b\000e\000r\000\040\000D\000a\000t\000a\000\040\000D\000o\000c\000u\000m\000e\000n\000t\000a\000t\000i\000o\000n}{section.4.3}% 43
\BOOKMARK [3][-]{subsubsection.4.3.4.1}{\376\377\000s\000e\000l\000l\000e\000r}{subsection.4.3.4}% 44
\BOOKMARK [3][-]{subsubsection.4.3.4.2}{\376\377\000t\000i\000c\000k\000e\000t}{subsection.4.3.4}% 45
\BOOKMARK [3][-]{subsubsection.4.3.4.3}{\376\377\000t\000i\000t\000l\000e}{subsection.4.3.4}% 46
\BOOKMARK [3][-]{subsubsection.4.3.4.4}{\376\377\000v\000o\000l\000u\000m\000e}{subsection.4.3.4}% 47
\BOOKMARK [1][-]{section.4.4}{\376\377\000C\000r\000e\000a\000t\000e\000\040\000C\000l\000a\000s\000s\000\040\000R\000e\000f\000e\000r\000e\000n\000c\000e}{chapter.4}% 48
\BOOKMARK [2][-]{subsection.4.4.1}{\376\377\000D\000e\000t\000a\000i\000l\000e\000d\000\040\000D\000e\000s\000c\000r\000i\000p\000t\000i\000o\000n}{section.4.4}% 49
\BOOKMARK [2][-]{subsection.4.4.2}{\376\377\000C\000o\000n\000s\000t\000r\000u\000c\000t\000o\000r\000\040\000\046\000\040\000D\000e\000s\000t\000r\000u\000c\000t\000o\000r\000\040\000D\000o\000c\000u\000m\000e\000n\000t\000a\000t\000i\000o\000n}{section.4.4}% 50
\BOOKMARK [3][-]{subsubsection.4.4.2.1}{\376\377\000C\000r\000e\000a\000t\000e}{subsection.4.4.2}% 51
\BOOKMARK [2][-]{subsection.4.4.3}{\376\377\000M\000e\000m\000b\000e\000r\000\040\000F\000u\000n\000c\000t\000i\000o\000n\000\040\000D\000o\000c\000u\000m\000e\000n\000t\000a\000t\000i\000o\000n}{section.4.4}% 52
\BOOKMARK [3][-]{subsubsection.4.4.3.1}{\376\377\000p\000r\000o\000c\000e\000s\000s\000\137\000t\000y\000p\000e}{subsection.4.4.3}% 53
\BOOKMARK [3][-]{subsubsection.4.4.3.2}{\376\377\000p\000r\000o\000c\000e\000s\000s\000\137\000u\000s\000e\000r\000n\000a\000m\000e}{subsection.4.4.3}% 54
\BOOKMARK [3][-]{subsubsection.4.4.3.3}{\376\377\000s\000a\000v\000e\000\137\000t\000r\000a\000n\000s\000a\000c\000t\000i\000o\000n}{subsection.4.4.3}% 55
\BOOKMARK [2][-]{subsection.4.4.4}{\376\377\000M\000e\000m\000b\000e\000r\000\040\000D\000a\000t\000a\000\040\000D\000o\000c\000u\000m\000e\000n\000t\000a\000t\000i\000o\000n}{section.4.4}% 56
\BOOKMARK [3][-]{subsubsection.4.4.4.1}{\376\377\000a\000c\000c\000o\000u\000n\000t\000\137\000t\000y\000p\000e\000s}{subsection.4.4.4}% 57
\BOOKMARK [3][-]{subsubsection.4.4.4.2}{\376\377\000n\000e\000w\000\137\000u\000s\000e\000r\000n\000a\000m\000e}{subsection.4.4.4}% 58
\BOOKMARK [1][-]{section.4.5}{\376\377\000C\000u\000r\000r\000e\000n\000t\000U\000s\000e\000r\000A\000c\000c\000o\000u\000n\000t\000s\000\040\000C\000l\000a\000s\000s\000\040\000R\000e\000f\000e\000r\000e\000n\000c\000e}{chapter.4}% 59
\BOOKMARK [2][-]{subsection.4.5.1}{\376\377\000D\000e\000t\000a\000i\000l\000e\000d\000\040\000D\000e\000s\000c\000r\000i\000p\000t\000i\000o\000n}{section.4.5}% 60
\BOOKMARK [2][-]{subsection.4.5.2}{\376\377\000C\000o\000n\000s\000t\000r\000u\000c\000t\000o\000r\000\040\000\046\000\040\000D\000e\000s\000t\000r\000u\000c\000t\000o\000r\000\040\000D\000o\000c\000u\000m\000e\000n\000t\000a\000t\000i\000o\000n}{section.4.5}% 61
\BOOKMARK [3][-]{subsubsection.4.5.2.1}{\376\377\000C\000u\000r\000r\000e\000n\000t\000U\000s\000e\000r\000A\000c\000c\000o\000u\000n\000t\000s}{subsection.4.5.2}% 62
\BOOKMARK [3][-]{subsubsection.4.5.2.2}{\376\377\000C\000u\000r\000r\000e\000n\000t\000U\000s\000e\000r\000A\000c\000c\000o\000u\000n\000t\000s}{subsection.4.5.2}% 63
\BOOKMARK [2][-]{subsection.4.5.3}{\376\377\000M\000e\000m\000b\000e\000r\000\040\000F\000u\000n\000c\000t\000i\000o\000n\000\040\000D\000o\000c\000u\000m\000e\000n\000t\000a\000t\000i\000o\000n}{section.4.5}% 64
\BOOKMARK [3][-]{subsubsection.4.5.3.1}{\376\377\000d\000i\000s\000p\000l\000a\000y\000\137\000u\000s\000e\000r\000s}{subsection.4.5.3}% 65
\BOOKMARK [3][-]{subsubsection.4.5.3.2}{\376\377\000g\000e\000t\000\137\000u\000s\000e\000r}{subsection.4.5.3}% 66
\BOOKMARK [3][-]{subsubsection.4.5.3.3}{\376\377\000h\000a\000s\000\137\000u\000s\000e\000r}{subsection.4.5.3}% 67
\BOOKMARK [3][-]{subsubsection.4.5.3.4}{\376\377\000p\000a\000r\000s\000e}{subsection.4.5.3}% 68
\BOOKMARK [2][-]{subsection.4.5.4}{\376\377\000M\000e\000m\000b\000e\000r\000\040\000D\000a\000t\000a\000\040\000D\000o\000c\000u\000m\000e\000n\000t\000a\000t\000i\000o\000n}{section.4.5}% 69
\BOOKMARK [3][-]{subsubsection.4.5.4.1}{\376\377\000c\000u\000a\000\137\000f\000i\000l\000e}{subsection.4.5.4}% 70
\BOOKMARK [3][-]{subsubsection.4.5.4.2}{\376\377\000u\000s\000e\000r\000s}{subsection.4.5.4}% 71
\BOOKMARK [1][-]{section.4.6}{\376\377\000D\000a\000i\000l\000y\000T\000r\000a\000n\000s\000a\000c\000t\000i\000o\000n\000\040\000C\000l\000a\000s\000s\000\040\000R\000e\000f\000e\000r\000e\000n\000c\000e}{chapter.4}% 72
\BOOKMARK [2][-]{subsection.4.6.1}{\376\377\000D\000e\000t\000a\000i\000l\000e\000d\000\040\000D\000e\000s\000c\000r\000i\000p\000t\000i\000o\000n}{section.4.6}% 73
\BOOKMARK [2][-]{subsection.4.6.2}{\376\377\000C\000o\000n\000s\000t\000r\000u\000c\000t\000o\000r\000\040\000\046\000\040\000D\000e\000s\000t\000r\000u\000c\000t\000o\000r\000\040\000D\000o\000c\000u\000m\000e\000n\000t\000a\000t\000i\000o\000n}{section.4.6}% 74
\BOOKMARK [3][-]{subsubsection.4.6.2.1}{\376\377\000D\000a\000i\000l\000y\000T\000r\000a\000n\000s\000a\000c\000t\000i\000o\000n}{subsection.4.6.2}% 75
\BOOKMARK [3][-]{subsubsection.4.6.2.2}{\376\377\000D\000a\000i\000l\000y\000T\000r\000a\000n\000s\000a\000c\000t\000i\000o\000n}{subsection.4.6.2}% 76
\BOOKMARK [2][-]{subsection.4.6.3}{\376\377\000M\000e\000m\000b\000e\000r\000\040\000F\000u\000n\000c\000t\000i\000o\000n\000\040\000D\000o\000c\000u\000m\000e\000n\000t\000a\000t\000i\000o\000n}{section.4.6}% 77
\BOOKMARK [3][-]{subsubsection.4.6.3.1}{\376\377\000s\000a\000v\000e}{subsection.4.6.3}% 78
\BOOKMARK [3][-]{subsubsection.4.6.3.2}{\376\377\000w\000r\000i\000t\000e}{subsection.4.6.3}% 79
\BOOKMARK [2][-]{subsection.4.6.4}{\376\377\000M\000e\000m\000b\000e\000r\000\040\000D\000a\000t\000a\000\040\000D\000o\000c\000u\000m\000e\000n\000t\000a\000t\000i\000o\000n}{section.4.6}% 80
\BOOKMARK [3][-]{subsubsection.4.6.4.1}{\376\377\000d\000t\000f\000\137\000f\000i\000l\000e}{subsection.4.6.4}% 81
\BOOKMARK [3][-]{subsubsection.4.6.4.2}{\376\377\000t\000r\000a\000n\000s\000a\000c\000t\000i\000o\000n\000s}{subsection.4.6.4}% 82
\BOOKMARK [1][-]{section.4.7}{\376\377\000D\000e\000l\000e\000t\000e\000\040\000C\000l\000a\000s\000s\000\040\000R\000e\000f\000e\000r\000e\000n\000c\000e}{chapter.4}% 83
\BOOKMARK [2][-]{subsection.4.7.1}{\376\377\000D\000e\000t\000a\000i\000l\000e\000d\000\040\000D\000e\000s\000c\000r\000i\000p\000t\000i\000o\000n}{section.4.7}% 84
\BOOKMARK [2][-]{subsection.4.7.2}{\376\377\000C\000o\000n\000s\000t\000r\000u\000c\000t\000o\000r\000\040\000\046\000\040\000D\000e\000s\000t\000r\000u\000c\000t\000o\000r\000\040\000D\000o\000c\000u\000m\000e\000n\000t\000a\000t\000i\000o\000n}{section.4.7}% 85
\BOOKMARK [3][-]{subsubsection.4.7.2.1}{\376\377\000D\000e\000l\000e\000t\000e}{subsection.4.7.2}% 86
\BOOKMARK [2][-]{subsection.4.7.3}{\376\377\000M\000e\000m\000b\000e\000r\000\040\000F\000u\000n\000c\000t\000i\000o\000n\000\040\000D\000o\000c\000u\000m\000e\000n\000t\000a\000t\000i\000o\000n}{section.4.7}% 87
\BOOKMARK [3][-]{subsubsection.4.7.3.1}{\376\377\000p\000r\000o\000c\000e\000s\000s\000\137\000u\000s\000e\000r\000n\000a\000m\000e}{subsection.4.7.3}% 88
\BOOKMARK [3][-]{subsubsection.4.7.3.2}{\376\377\000s\000a\000v\000e\000\137\000t\000r\000a\000n\000s\000a\000c\000t\000i\000o\000n}{subsection.4.7.3}% 89
\BOOKMARK [1][-]{section.4.8}{\376\377\000E\000x\000c\000e\000p\000t\000i\000o\000n\000\040\000C\000l\000a\000s\000s\000\040\000R\000e\000f\000e\000r\000e\000n\000c\000e}{chapter.4}% 90
\BOOKMARK [2][-]{subsection.4.8.1}{\376\377\000D\000e\000t\000a\000i\000l\000e\000d\000\040\000D\000e\000s\000c\000r\000i\000p\000t\000i\000o\000n}{section.4.8}% 91
\BOOKMARK [2][-]{subsection.4.8.2}{\376\377\000C\000o\000n\000s\000t\000r\000u\000c\000t\000o\000r\000\040\000\046\000\040\000D\000e\000s\000t\000r\000u\000c\000t\000o\000r\000\040\000D\000o\000c\000u\000m\000e\000n\000t\000a\000t\000i\000o\000n}{section.4.8}% 92
\BOOKMARK [3][-]{subsubsection.4.8.2.1}{\376\377\000E\000x\000c\000e\000p\000t\000i\000o\000n}{subsection.4.8.2}% 93
\BOOKMARK [2][-]{subsection.4.8.3}{\376\377\000M\000e\000m\000b\000e\000r\000\040\000F\000u\000n\000c\000t\000i\000o\000n\000\040\000D\000o\000c\000u\000m\000e\000n\000t\000a\000t\000i\000o\000n}{section.4.8}% 94
\BOOKMARK [3][-]{subsubsection.4.8.3.1}{\376\377\000m\000e\000s\000g}{subsection.4.8.3}% 95
\BOOKMARK [2][-]{subsection.4.8.4}{\376\377\000M\000e\000m\000b\000e\000r\000\040\000D\000a\000t\000a\000\040\000D\000o\000c\000u\000m\000e\000n\000t\000a\000t\000i\000o\000n}{section.4.8}% 96
\BOOKMARK [3][-]{subsubsection.4.8.4.1}{\376\377\000c\000o\000d\000e}{subsection.4.8.4}% 97
\BOOKMARK [3][-]{subsubsection.4.8.4.2}{\376\377\000c\000o\000d\000e\000\137\000m\000s\000g}{subsection.4.8.4}% 98
\BOOKMARK [1][-]{section.4.9}{\376\377\000L\000o\000g\000i\000n\000\040\000C\000l\000a\000s\000s\000\040\000R\000e\000f\000e\000r\000e\000n\000c\000e}{chapter.4}% 99
\BOOKMARK [2][-]{subsection.4.9.1}{\376\377\000D\000e\000t\000a\000i\000l\000e\000d\000\040\000D\000e\000s\000c\000r\000i\000p\000t\000i\000o\000n}{section.4.9}% 100
\BOOKMARK [2][-]{subsection.4.9.2}{\376\377\000C\000o\000n\000s\000t\000r\000u\000c\000t\000o\000r\000\040\000\046\000\040\000D\000e\000s\000t\000r\000u\000c\000t\000o\000r\000\040\000D\000o\000c\000u\000m\000e\000n\000t\000a\000t\000i\000o\000n}{section.4.9}% 101
\BOOKMARK [3][-]{subsubsection.4.9.2.1}{\376\377\000L\000o\000g\000i\000n}{subsection.4.9.2}% 102
\BOOKMARK [2][-]{subsection.4.9.3}{\376\377\000M\000e\000m\000b\000e\000r\000\040\000F\000u\000n\000c\000t\000i\000o\000n\000\040\000D\000o\000c\000u\000m\000e\000n\000t\000a\000t\000i\000o\000n}{section.4.9}% 103
\BOOKMARK [3][-]{subsubsection.4.9.3.1}{\376\377\000p\000r\000o\000c\000e\000s\000s\000\137\000u\000s\000e\000r\000n\000a\000m\000e}{subsection.4.9.3}% 104
\BOOKMARK [3][-]{subsubsection.4.9.3.2}{\376\377\000s\000a\000v\000e\000\137\000t\000r\000a\000n\000s\000a\000c\000t\000i\000o\000n}{subsection.4.9.3}% 105
\BOOKMARK [1][-]{section.4.10}{\376\377\000L\000o\000g\000o\000u\000t\000\040\000C\000l\000a\000s\000s\000\040\000R\000e\000f\000e\000r\000e\000n\000c\000e}{chapter.4}% 106
\BOOKMARK [2][-]{subsection.4.10.1}{\376\377\000D\000e\000t\000a\000i\000l\000e\000d\000\040\000D\000e\000s\000c\000r\000i\000p\000t\000i\000o\000n}{section.4.10}% 107
\BOOKMARK [2][-]{subsection.4.10.2}{\376\377\000C\000o\000n\000s\000t\000r\000u\000c\000t\000o\000r\000\040\000\046\000\040\000D\000e\000s\000t\000r\000u\000c\000t\000o\000r\000\040\000D\000o\000c\000u\000m\000e\000n\000t\000a\000t\000i\000o\000n}{section.4.10}% 108
\BOOKMARK [3][-]{subsubsection.4.10.2.1}{\376\377\000L\000o\000g\000o\000u\000t}{subsection.4.10.2}% 109
\BOOKMARK [2][-]{subsection.4.10.3}{\376\377\000M\000e\000m\000b\000e\000r\000\040\000F\000u\000n\000c\000t\000i\000o\000n\000\040\000D\000o\000c\000u\000m\000e\000n\000t\000a\000t\000i\000o\000n}{section.4.10}% 110
\BOOKMARK [3][-]{subsubsection.4.10.3.1}{\376\377\000s\000a\000v\000e\000\137\000t\000r\000a\000n\000s\000a\000c\000t\000i\000o\000n}{subsection.4.10.3}% 111
\BOOKMARK [1][-]{section.4.11}{\376\377\000R\000e\000f\000u\000n\000d\000\040\000C\000l\000a\000s\000s\000\040\000R\000e\000f\000e\000r\000e\000n\000c\000e}{chapter.4}% 112
\BOOKMARK [2][-]{subsection.4.11.1}{\376\377\000D\000e\000t\000a\000i\000l\000e\000d\000\040\000D\000e\000s\000c\000r\000i\000p\000t\000i\000o\000n}{section.4.11}% 113
\BOOKMARK [2][-]{subsection.4.11.2}{\376\377\000C\000o\000n\000s\000t\000r\000u\000c\000t\000o\000r\000\040\000\046\000\040\000D\000e\000s\000t\000r\000u\000c\000t\000o\000r\000\040\000D\000o\000c\000u\000m\000e\000n\000t\000a\000t\000i\000o\000n}{section.4.11}% 114
\BOOKMARK [3][-]{subsubsection.4.11.2.1}{\376\377\000R\000e\000f\000u\000n\000d}{subsection.4.11.2}% 115
\BOOKMARK [2][-]{subsection.4.11.3}{\376\377\000M\000e\000m\000b\000e\000r\000\040\000F\000u\000n\000c\000t\000i\000o\000n\000\040\000D\000o\000c\000u\000m\000e\000n\000t\000a\000t\000i\000o\000n}{section.4.11}% 116
\BOOKMARK [3][-]{subsubsection.4.11.3.1}{\376\377\000p\000r\000o\000c\000e\000s\000s\000\137\000b\000u\000y\000e\000r}{subsection.4.11.3}% 117
\BOOKMARK [3][-]{subsubsection.4.11.3.2}{\376\377\000p\000r\000o\000c\000e\000s\000s\000\137\000c\000r\000e\000d\000i\000t}{subsection.4.11.3}% 118
\BOOKMARK [3][-]{subsubsection.4.11.3.3}{\376\377\000p\000r\000o\000c\000e\000s\000s\000\137\000s\000e\000l\000l\000e\000r}{subsection.4.11.3}% 119
\BOOKMARK [3][-]{subsubsection.4.11.3.4}{\376\377\000s\000a\000v\000e\000\137\000t\000r\000a\000n\000s\000a\000c\000t\000i\000o\000n}{subsection.4.11.3}% 120
\BOOKMARK [2][-]{subsection.4.11.4}{\376\377\000M\000e\000m\000b\000e\000r\000\040\000D\000a\000t\000a\000\040\000D\000o\000c\000u\000m\000e\000n\000t\000a\000t\000i\000o\000n}{section.4.11}% 121
\BOOKMARK [3][-]{subsubsection.4.11.4.1}{\376\377\000b\000u\000y\000e\000r}{subsection.4.11.4}% 122
\BOOKMARK [3][-]{subsubsection.4.11.4.2}{\376\377\000c\000r\000e\000d\000i\000t}{subsection.4.11.4}% 123
\BOOKMARK [3][-]{subsubsection.4.11.4.3}{\376\377\000s\000e\000l\000l\000e\000r}{subsection.4.11.4}% 124
\BOOKMARK [1][-]{section.4.12}{\376\377\000S\000e\000l\000l\000\040\000C\000l\000a\000s\000s\000\040\000R\000e\000f\000e\000r\000e\000n\000c\000e}{chapter.4}% 125
\BOOKMARK [2][-]{subsection.4.12.1}{\376\377\000D\000e\000t\000a\000i\000l\000e\000d\000\040\000D\000e\000s\000c\000r\000i\000p\000t\000i\000o\000n}{section.4.12}% 126
\BOOKMARK [2][-]{subsection.4.12.2}{\376\377\000C\000o\000n\000s\000t\000r\000u\000c\000t\000o\000r\000\040\000\046\000\040\000D\000e\000s\000t\000r\000u\000c\000t\000o\000r\000\040\000D\000o\000c\000u\000m\000e\000n\000t\000a\000t\000i\000o\000n}{section.4.12}% 127
\BOOKMARK [3][-]{subsubsection.4.12.2.1}{\376\377\000S\000e\000l\000l}{subsection.4.12.2}% 128
\BOOKMARK [2][-]{subsection.4.12.3}{\376\377\000M\000e\000m\000b\000e\000r\000\040\000F\000u\000n\000c\000t\000i\000o\000n\000\040\000D\000o\000c\000u\000m\000e\000n\000t\000a\000t\000i\000o\000n}{section.4.12}% 129
\BOOKMARK [3][-]{subsubsection.4.12.3.1}{\376\377\000p\000r\000o\000c\000e\000s\000s\000\137\000p\000r\000i\000c\000e}{subsection.4.12.3}% 130
\BOOKMARK [3][-]{subsubsection.4.12.3.2}{\376\377\000p\000r\000o\000c\000e\000s\000s\000\137\000t\000i\000t\000l\000e}{subsection.4.12.3}% 131
\BOOKMARK [3][-]{subsubsection.4.12.3.3}{\376\377\000p\000r\000o\000c\000e\000s\000s\000\137\000v\000o\000l\000u\000m\000e}{subsection.4.12.3}% 132
\BOOKMARK [3][-]{subsubsection.4.12.3.4}{\376\377\000s\000a\000v\000e\000\137\000t\000r\000a\000n\000s\000a\000c\000t\000i\000o\000n}{subsection.4.12.3}% 133
\BOOKMARK [2][-]{subsection.4.12.4}{\376\377\000M\000e\000m\000b\000e\000r\000\040\000D\000a\000t\000a\000\040\000D\000o\000c\000u\000m\000e\000n\000t\000a\000t\000i\000o\000n}{section.4.12}% 134
\BOOKMARK [3][-]{subsubsection.4.12.4.1}{\376\377\000p\000r\000i\000c\000e}{subsection.4.12.4}% 135
\BOOKMARK [3][-]{subsubsection.4.12.4.2}{\376\377\000t\000i\000c\000k\000e\000t}{subsection.4.12.4}% 136
\BOOKMARK [3][-]{subsubsection.4.12.4.3}{\376\377\000t\000i\000t\000l\000e}{subsection.4.12.4}% 137
\BOOKMARK [3][-]{subsubsection.4.12.4.4}{\376\377\000v\000o\000l\000u\000m\000e}{subsection.4.12.4}% 138
\BOOKMARK [1][-]{section.4.13}{\376\377\000T\000i\000c\000k\000e\000t\000\040\000C\000l\000a\000s\000s\000\040\000R\000e\000f\000e\000r\000e\000n\000c\000e}{chapter.4}% 139
\BOOKMARK [2][-]{subsection.4.13.1}{\376\377\000D\000e\000t\000a\000i\000l\000e\000d\000\040\000D\000e\000s\000c\000r\000i\000p\000t\000i\000o\000n}{section.4.13}% 140
\BOOKMARK [2][-]{subsection.4.13.2}{\376\377\000C\000o\000n\000s\000t\000r\000u\000c\000t\000o\000r\000\040\000\046\000\040\000D\000e\000s\000t\000r\000u\000c\000t\000o\000r\000\040\000D\000o\000c\000u\000m\000e\000n\000t\000a\000t\000i\000o\000n}{section.4.13}% 141
\BOOKMARK [3][-]{subsubsection.4.13.2.1}{\376\377\000T\000i\000c\000k\000e\000t}{subsection.4.13.2}% 142
\BOOKMARK [3][-]{subsubsection.4.13.2.2}{\376\377\000T\000i\000c\000k\000e\000t}{subsection.4.13.2}% 143
\BOOKMARK [2][-]{subsection.4.13.3}{\376\377\000M\000e\000m\000b\000e\000r\000\040\000F\000u\000n\000c\000t\000i\000o\000n\000\040\000D\000o\000c\000u\000m\000e\000n\000t\000a\000t\000i\000o\000n}{section.4.13}% 144
\BOOKMARK [3][-]{subsubsection.4.13.3.1}{\376\377\000g\000e\000t\000\137\000e\000v\000e\000n\000t}{subsection.4.13.3}% 145
\BOOKMARK [3][-]{subsubsection.4.13.3.2}{\376\377\000g\000e\000t\000\137\000p\000r\000i\000c\000e}{subsection.4.13.3}% 146
\BOOKMARK [3][-]{subsubsection.4.13.3.3}{\376\377\000g\000e\000t\000\137\000s\000e\000l\000l\000e\000r}{subsection.4.13.3}% 147
\BOOKMARK [3][-]{subsubsection.4.13.3.4}{\376\377\000g\000e\000t\000\137\000v\000o\000l\000u\000m\000e}{subsection.4.13.3}% 148
\BOOKMARK [2][-]{subsection.4.13.4}{\376\377\000M\000e\000m\000b\000e\000r\000\040\000D\000a\000t\000a\000\040\000D\000o\000c\000u\000m\000e\000n\000t\000a\000t\000i\000o\000n}{section.4.13}% 149
\BOOKMARK [3][-]{subsubsection.4.13.4.1}{\376\377\000e\000v\000e\000n\000t}{subsection.4.13.4}% 150
\BOOKMARK [3][-]{subsubsection.4.13.4.2}{\376\377\000p\000r\000i\000c\000e}{subsection.4.13.4}% 151
\BOOKMARK [3][-]{subsubsection.4.13.4.3}{\376\377\000s\000e\000l\000l\000e\000r}{subsection.4.13.4}% 152
\BOOKMARK [3][-]{subsubsection.4.13.4.4}{\376\377\000v\000o\000l\000u\000m\000e}{subsection.4.13.4}% 153
\BOOKMARK [1][-]{section.4.14}{\376\377\000T\000r\000a\000n\000s\000a\000c\000t\000i\000o\000n\000\040\000C\000l\000a\000s\000s\000\040\000R\000e\000f\000e\000r\000e\000n\000c\000e}{chapter.4}% 154
\BOOKMARK [2][-]{subsection.4.14.1}{\376\377\000D\000e\000t\000a\000i\000l\000e\000d\000\040\000D\000e\000s\000c\000r\000i\000p\000t\000i\000o\000n}{section.4.14}% 155
\BOOKMARK [2][-]{subsection.4.14.2}{\376\377\000M\000e\000m\000b\000e\000r\000\040\000F\000u\000n\000c\000t\000i\000o\000n\000\040\000D\000o\000c\000u\000m\000e\000n\000t\000a\000t\000i\000o\000n}{section.4.14}% 156
\BOOKMARK [3][-]{subsubsection.4.14.2.1}{\376\377\000f\000o\000r\000m\000a\000t}{subsection.4.14.2}% 157
\BOOKMARK [3][-]{subsubsection.4.14.2.2}{\376\377\000f\000o\000r\000m\000a\000t}{subsection.4.14.2}% 158
\BOOKMARK [3][-]{subsubsection.4.14.2.3}{\376\377\000f\000o\000r\000m\000a\000t}{subsection.4.14.2}% 159
\BOOKMARK [3][-]{subsubsection.4.14.2.4}{\376\377\000g\000e\000t\000\137\000t\000r\000a\000n\000s\000a\000c\000t\000i\000o\000n}{subsection.4.14.2}% 160
\BOOKMARK [3][-]{subsubsection.4.14.2.5}{\376\377\000s\000a\000v\000e\000\137\000t\000r\000a\000n\000s\000a\000c\000t\000i\000o\000n}{subsection.4.14.2}% 161
\BOOKMARK [2][-]{subsection.4.14.3}{\376\377\000M\000e\000m\000b\000e\000r\000\040\000D\000a\000t\000a\000\040\000D\000o\000c\000u\000m\000e\000n\000t\000a\000t\000i\000o\000n}{section.4.14}% 162
\BOOKMARK [3][-]{subsubsection.4.14.3.1}{\376\377\000c\000o\000d\000e}{subsection.4.14.3}% 163
\BOOKMARK [3][-]{subsubsection.4.14.3.2}{\376\377\000t\000r\000a\000n\000s\000a\000c\000t\000i\000o\000n}{subsection.4.14.3}% 164
\BOOKMARK [3][-]{subsubsection.4.14.3.3}{\376\377\000u\000s\000e\000r}{subsection.4.14.3}% 165
\BOOKMARK [1][-]{section.4.15}{\376\377\000U\000s\000e\000r\000\040\000C\000l\000a\000s\000s\000\040\000R\000e\000f\000e\000r\000e\000n\000c\000e}{chapter.4}% 166
\BOOKMARK [2][-]{subsection.4.15.1}{\376\377\000D\000e\000t\000a\000i\000l\000e\000d\000\040\000D\000e\000s\000c\000r\000i\000p\000t\000i\000o\000n}{section.4.15}% 167
\BOOKMARK [2][-]{subsection.4.15.2}{\376\377\000C\000o\000n\000s\000t\000r\000u\000c\000t\000o\000r\000\040\000\046\000\040\000D\000e\000s\000t\000r\000u\000c\000t\000o\000r\000\040\000D\000o\000c\000u\000m\000e\000n\000t\000a\000t\000i\000o\000n}{section.4.15}% 168
\BOOKMARK [3][-]{subsubsection.4.15.2.1}{\376\377\000U\000s\000e\000r}{subsection.4.15.2}% 169
\BOOKMARK [3][-]{subsubsection.4.15.2.2}{\376\377\000U\000s\000e\000r}{subsection.4.15.2}% 170
\BOOKMARK [2][-]{subsection.4.15.3}{\376\377\000M\000e\000m\000b\000e\000r\000\040\000F\000u\000n\000c\000t\000i\000o\000n\000\040\000D\000o\000c\000u\000m\000e\000n\000t\000a\000t\000i\000o\000n}{section.4.15}% 171
\BOOKMARK [3][-]{subsubsection.4.15.3.1}{\376\377\000g\000e\000t\000\137\000c\000r\000e\000d\000i\000t}{subsection.4.15.3}% 172
\BOOKMARK [3][-]{subsubsection.4.15.3.2}{\376\377\000g\000e\000t\000\137\000s\000t\000a\000t\000u\000s}{subsection.4.15.3}% 173
\BOOKMARK [3][-]{subsubsection.4.15.3.3}{\376\377\000g\000e\000t\000\137\000t\000y\000p\000e}{subsection.4.15.3}% 174
\BOOKMARK [3][-]{subsubsection.4.15.3.4}{\376\377\000g\000e\000t\000\137\000u\000s\000e\000r\000n\000a\000m\000e}{subsection.4.15.3}% 175
\BOOKMARK [3][-]{subsubsection.4.15.3.5}{\376\377\000h\000a\000s\000\137\000p\000e\000r\000m\000i\000s\000s\000i\000o\000n\000s}{subsection.4.15.3}% 176
\BOOKMARK [3][-]{subsubsection.4.15.3.6}{\376\377\000l\000o\000g\000i\000n}{subsection.4.15.3}% 177
\BOOKMARK [3][-]{subsubsection.4.15.3.7}{\376\377\000l\000o\000g\000o\000u\000t}{subsection.4.15.3}% 178
\BOOKMARK [2][-]{subsection.4.15.4}{\376\377\000M\000e\000m\000b\000e\000r\000\040\000D\000a\000t\000a\000\040\000D\000o\000c\000u\000m\000e\000n\000t\000a\000t\000i\000o\000n}{section.4.15}% 179
\BOOKMARK [3][-]{subsubsection.4.15.4.1}{\376\377\000c\000r\000e\000d\000i\000t}{subsection.4.15.4}% 180
\BOOKMARK [3][-]{subsubsection.4.15.4.2}{\376\377\000l\000o\000g\000i\000n\000\137\000s\000t\000a\000t\000u\000s}{subsection.4.15.4}% 181
\BOOKMARK [3][-]{subsubsection.4.15.4.3}{\376\377\000p\000e\000r\000m\000i\000s\000s\000i\000o\000n\000s}{subsection.4.15.4}% 182
\BOOKMARK [3][-]{subsubsection.4.15.4.4}{\376\377\000t\000y\000p\000e}{subsection.4.15.4}% 183
\BOOKMARK [3][-]{subsubsection.4.15.4.5}{\376\377\000u\000s\000e\000r\000n\000a\000m\000e}{subsection.4.15.4}% 184
\BOOKMARK [1][-]{section.4.16}{\376\377\000V\000a\000l\000i\000d\000a\000t\000e\000\040\000C\000l\000a\000s\000s\000\040\000R\000e\000f\000e\000r\000e\000n\000c\000e}{chapter.4}% 185
\BOOKMARK [2][-]{subsection.4.16.1}{\376\377\000D\000e\000t\000a\000i\000l\000e\000d\000\040\000D\000e\000s\000c\000r\000i\000p\000t\000i\000o\000n}{section.4.16}% 186
\BOOKMARK [2][-]{subsection.4.16.2}{\376\377\000M\000e\000m\000b\000e\000r\000\040\000F\000u\000n\000c\000t\000i\000o\000n\000\040\000D\000o\000c\000u\000m\000e\000n\000t\000a\000t\000i\000o\000n}{section.4.16}% 187
\BOOKMARK [3][-]{subsubsection.4.16.2.1}{\376\377\000a\000t\000f\000\137\000e\000n\000t\000r\000y}{subsection.4.16.2}% 188
\BOOKMARK [3][-]{subsubsection.4.16.2.2}{\376\377\000c\000u\000a\000\137\000e\000n\000t\000r\000y}{subsection.4.16.2}% 189
\BOOKMARK [3][-]{subsubsection.4.16.2.3}{\376\377\000d\000o\000l\000l\000a\000r\000s}{subsection.4.16.2}% 190
\BOOKMARK [3][-]{subsubsection.4.16.2.4}{\376\377\000t\000i\000t\000l\000e}{subsection.4.16.2}% 191
\BOOKMARK [3][-]{subsubsection.4.16.2.5}{\376\377\000u\000s\000e\000r\000n\000a\000m\000e}{subsection.4.16.2}% 192
\BOOKMARK [3][-]{subsubsection.4.16.2.6}{\376\377\000v\000o\000l\000u\000m\000e}{subsection.4.16.2}% 193
\BOOKMARK [0][-]{chapter.5}{\376\377\000F\000i\000l\000e\000\040\000D\000o\000c\000u\000m\000e\000n\000t\000a\000t\000i\000o\000n}{}% 194
\BOOKMARK [1][-]{section.5.1}{\376\377\000A\000d\000d\000C\000r\000e\000d\000i\000t\000.\000h\000p\000p\000\040\000F\000i\000l\000e\000\040\000R\000e\000f\000e\000r\000e\000n\000c\000e}{chapter.5}% 195
\BOOKMARK [1][-]{section.5.2}{\376\377\000A\000v\000a\000i\000l\000a\000b\000l\000e\000T\000i\000c\000k\000e\000t\000s\000.\000h\000p\000p\000\040\000F\000i\000l\000e\000\040\000R\000e\000f\000e\000r\000e\000n\000c\000e}{chapter.5}% 196
\BOOKMARK [1][-]{section.5.3}{\376\377\000B\000u\000y\000.\000h\000p\000p\000\040\000F\000i\000l\000e\000\040\000R\000e\000f\000e\000r\000e\000n\000c\000e}{chapter.5}% 197
\BOOKMARK [1][-]{section.5.4}{\376\377\000C\000r\000e\000a\000t\000e\000.\000h\000p\000p\000\040\000F\000i\000l\000e\000\040\000R\000e\000f\000e\000r\000e\000n\000c\000e}{chapter.5}% 198
\BOOKMARK [1][-]{section.5.5}{\376\377\000C\000u\000r\000r\000e\000n\000t\000U\000s\000e\000r\000A\000c\000c\000o\000u\000n\000t\000s\000.\000h\000p\000p\000\040\000F\000i\000l\000e\000\040\000R\000e\000f\000e\000r\000e\000n\000c\000e}{chapter.5}% 199
\BOOKMARK [1][-]{section.5.6}{\376\377\000D\000a\000i\000l\000y\000T\000r\000a\000n\000s\000a\000c\000t\000i\000o\000n\000.\000h\000p\000p\000\040\000F\000i\000l\000e\000\040\000R\000e\000f\000e\000r\000e\000n\000c\000e}{chapter.5}% 200
\BOOKMARK [1][-]{section.5.7}{\376\377\000D\000e\000l\000e\000t\000e\000.\000h\000p\000p\000\040\000F\000i\000l\000e\000\040\000R\000e\000f\000e\000r\000e\000n\000c\000e}{chapter.5}% 201
\BOOKMARK [1][-]{section.5.8}{\376\377\000E\000x\000c\000e\000p\000t\000i\000o\000n\000.\000h\000p\000p\000\040\000F\000i\000l\000e\000\040\000R\000e\000f\000e\000r\000e\000n\000c\000e}{chapter.5}% 202
\BOOKMARK [2][-]{subsection.5.8.1}{\376\377\000E\000n\000u\000m\000e\000r\000a\000t\000i\000o\000n\000\040\000T\000y\000p\000e\000\040\000D\000o\000c\000u\000m\000e\000n\000t\000a\000t\000i\000o\000n}{section.5.8}% 203
\BOOKMARK [3][-]{subsubsection.5.8.1.1}{\376\377\000e\000x\000c\000e\000p\000t\000i\000o\000n\000\137\000c\000o\000d\000e\000s}{subsection.5.8.1}% 204
\BOOKMARK [1][-]{section.5.9}{\376\377\000L\000o\000g\000i\000n\000.\000h\000p\000p\000\040\000F\000i\000l\000e\000\040\000R\000e\000f\000e\000r\000e\000n\000c\000e}{chapter.5}% 205
\BOOKMARK [1][-]{section.5.10}{\376\377\000L\000o\000g\000o\000u\000t\000.\000h\000p\000p\000\040\000F\000i\000l\000e\000\040\000R\000e\000f\000e\000r\000e\000n\000c\000e}{chapter.5}% 206
\BOOKMARK [1][-]{section.5.11}{\376\377\000R\000e\000f\000u\000n\000d\000.\000h\000p\000p\000\040\000F\000i\000l\000e\000\040\000R\000e\000f\000e\000r\000e\000n\000c\000e}{chapter.5}% 207
\BOOKMARK [1][-]{section.5.12}{\376\377\000S\000e\000l\000l\000.\000h\000p\000p\000\040\000F\000i\000l\000e\000\040\000R\000e\000f\000e\000r\000e\000n\000c\000e}{chapter.5}% 208
\BOOKMARK [1][-]{section.5.13}{\376\377\000T\000i\000c\000k\000e\000t\000.\000h\000p\000p\000\040\000F\000i\000l\000e\000\040\000R\000e\000f\000e\000r\000e\000n\000c\000e}{chapter.5}% 209
\BOOKMARK [1][-]{section.5.14}{\376\377\000T\000r\000a\000n\000s\000a\000c\000t\000i\000o\000n\000.\000h\000p\000p\000\040\000F\000i\000l\000e\000\040\000R\000e\000f\000e\000r\000e\000n\000c\000e}{chapter.5}% 210
\BOOKMARK [1][-]{section.5.15}{\376\377\000T\000r\000a\000n\000s\000a\000c\000t\000i\000o\000n\000C\000o\000d\000e\000s\000.\000h\000p\000p\000\040\000F\000i\000l\000e\000\040\000R\000e\000f\000e\000r\000e\000n\000c\000e}{chapter.5}% 211
\BOOKMARK [2][-]{subsection.5.15.1}{\376\377\000E\000n\000u\000m\000e\000r\000a\000t\000i\000o\000n\000\040\000T\000y\000p\000e\000\040\000D\000o\000c\000u\000m\000e\000n\000t\000a\000t\000i\000o\000n}{section.5.15}% 212
\BOOKMARK [3][-]{subsubsection.5.15.1.1}{\376\377\000t\000r\000a\000n\000s\000a\000c\000t\000i\000o\000n\000\137\000c\000o\000d\000e\000s}{subsection.5.15.1}% 213
\BOOKMARK [2][-]{subsection.5.15.2}{\376\377\000V\000a\000r\000i\000a\000b\000l\000e\000\040\000D\000o\000c\000u\000m\000e\000n\000t\000a\000t\000i\000o\000n}{section.5.15}% 214
\BOOKMARK [3][-]{subsubsection.5.15.2.1}{\376\377\000m\000a\000p\000\137\000c\000o\000d\000e}{subsection.5.15.2}% 215
\BOOKMARK [1][-]{section.5.16}{\376\377\000U\000s\000e\000r\000.\000h\000p\000p\000\040\000F\000i\000l\000e\000\040\000R\000e\000f\000e\000r\000e\000n\000c\000e}{chapter.5}% 216
\BOOKMARK [1][-]{section.5.17}{\376\377\000V\000a\000l\000i\000d\000a\000t\000e\000.\000h\000p\000p\000\040\000F\000i\000l\000e\000\040\000R\000e\000f\000e\000r\000e\000n\000c\000e}{chapter.5}% 217
\BOOKMARK [-1][-]{section*.67}{\376\377\000I\000n\000d\000e\000x}{}% 218
